<?xml version="1.0" encoding="UTF-8"?>
<testng-results ignored="0" total="1" passed="1" failed="0" skipped="0">
  <reporter-output>
    <line>
      <![CDATA[create_orgÏs Executed]]>
    </line>
  </reporter-output>
  <suite started-at="2024-07-31T16:20:22 IST" name="Default suite" finished-at="2024-07-31T16:21:01 IST" duration-ms="39031">
    <groups>
    </groups>
    <test started-at="2024-07-31T16:20:22 IST" name="Default test" finished-at="2024-07-31T16:21:01 IST" duration-ms="39031">
      <class name="TestSuite.CreateOrganization">
        <test-method signature="create_org()[pri:0, instance:TestSuite.CreateOrganization@51c668e3]" started-at="2024-07-31T16:20:22 IST" name="create_org" finished-at="2024-07-31T16:21:01 IST" duration-ms="38359" status="PASS">
          <reporter-output>
            <line>
              <![CDATA[create_orgÏs Executed]]>
            </line>
          </reporter-output>
        </test-method> <!-- create_org -->
      </class> <!-- TestSuite.CreateOrganization -->
    </test> <!-- Default test -->
  </suite> <!-- Default suite -->
</testng-results>
